<?xml version="1.0" encoding="UTF-8"?>
<testng-results skipped="0" failed="1" ignored="0" total="3" passed="2">
  <reporter-output>
  </reporter-output>
  <suite name="Suite1" duration-ms="25795" started-at="2018-11-27T14:43:38Z" finished-at="2018-11-27T14:44:04Z">
    <groups>
      <group name="third">
        <method signature="TestClass.Third()[pri:0, instance:tests.TestClass@34b7bfc0]" name="Third" class="tests.TestClass"/>
      </group> <!-- third -->
      <group name="first">
        <method signature="TestClass.First()[pri:0, instance:tests.TestClass@34b7bfc0]" name="First" class="tests.TestClass"/>
      </group> <!-- first -->
      <group name="second">
        <method signature="TestClass.Second()[pri:0, instance:tests.TestClass@34b7bfc0]" name="Second" class="tests.TestClass"/>
      </group> <!-- second -->
    </groups>
    <test name="test1" duration-ms="25795" started-at="2018-11-27T14:43:38Z" finished-at="2018-11-27T14:44:04Z">
      <class name="tests.TestClass">
        <test-method status="PASS" signature="setup()[pri:0, instance:tests.TestClass@34b7bfc0]" name="setup" is-config="true" duration-ms="7966" started-at="2018-11-27T14:43:39Z" finished-at="2018-11-27T14:43:46Z">
          <reporter-output>
          </reporter-output>
        </test-method> <!-- setup -->
        <test-method status="PASS" signature="First()[pri:0, instance:tests.TestClass@34b7bfc0]" name="First" duration-ms="236" started-at="2018-11-27T14:43:46Z" finished-at="2018-11-27T14:43:47Z">
          <reporter-output>
          </reporter-output>
        </test-method> <!-- First -->
        <test-method status="PASS" signature="teardown()[pri:0, instance:tests.TestClass@34b7bfc0]" name="teardown" is-config="true" duration-ms="851" started-at="2018-11-27T14:43:47Z" finished-at="2018-11-27T14:43:48Z">
          <reporter-output>
          </reporter-output>
        </test-method> <!-- teardown -->
        <test-method status="PASS" signature="setup()[pri:0, instance:tests.TestClass@34b7bfc0]" name="setup" is-config="true" duration-ms="6612" started-at="2018-11-27T14:43:48Z" finished-at="2018-11-27T14:43:54Z">
          <reporter-output>
          </reporter-output>
        </test-method> <!-- setup -->
        <test-method status="FAIL" signature="Second()[pri:0, instance:tests.TestClass@34b7bfc0]" name="Second" duration-ms="4" started-at="2018-11-27T14:43:54Z" finished-at="2018-11-27T14:43:54Z">
          <exception class="java.lang.AssertionError">
            <message>
              <![CDATA[expected [2] but found [1]]]>
            </message>
            <full-stacktrace>
              <![CDATA[java.lang.AssertionError: expected [2] but found [1]
at org.testng.Assert.fail(Assert.java:96)
at org.testng.Assert.failNotEquals(Assert.java:776)
at org.testng.Assert.assertEqualsImpl(Assert.java:137)
at org.testng.Assert.assertEquals(Assert.java:118)
at org.testng.Assert.assertEquals(Assert.java:453)
at org.testng.Assert.assertEquals(Assert.java:463)
at tests.TestClass.Second(TestClass.java:31)
at sun.reflect.NativeMethodAccessorImpl.invoke0(Native Method)
at sun.reflect.NativeMethodAccessorImpl.invoke(NativeMethodAccessorImpl.java:62)
at sun.reflect.DelegatingMethodAccessorImpl.invoke(DelegatingMethodAccessorImpl.java:43)
at java.lang.reflect.Method.invoke(Method.java:498)
at org.testng.internal.MethodInvocationHelper.invokeMethod(MethodInvocationHelper.java:124)
at org.testng.internal.Invoker.invokeMethod(Invoker.java:583)
at org.testng.internal.Invoker.invokeTestMethod(Invoker.java:719)
at org.testng.internal.Invoker.invokeTestMethods(Invoker.java:989)
at org.testng.internal.TestMethodWorker.invokeTestMethods(TestMethodWorker.java:125)
at org.testng.internal.TestMethodWorker.run(TestMethodWorker.java:109)
at org.testng.TestRunner.privateRun(TestRunner.java:648)
at org.testng.TestRunner.run(TestRunner.java:505)
at org.testng.SuiteRunner.runTest(SuiteRunner.java:455)
at org.testng.SuiteRunner.runSequentially(SuiteRunner.java:450)
at org.testng.SuiteRunner.privateRun(SuiteRunner.java:415)
at org.testng.SuiteRunner.run(SuiteRunner.java:364)
at org.testng.SuiteRunnerWorker.runSuite(SuiteRunnerWorker.java:52)
at org.testng.SuiteRunnerWorker.run(SuiteRunnerWorker.java:84)
at org.testng.TestNG.runSuitesSequentially(TestNG.java:1208)
at org.testng.TestNG.runSuitesLocally(TestNG.java:1137)
at org.testng.TestNG.runSuites(TestNG.java:1049)
at org.testng.TestNG.run(TestNG.java:1017)
at org.apache.maven.surefire.testng.TestNGExecutor.run(TestNGExecutor.java:283)
at org.apache.maven.surefire.testng.TestNGXmlTestSuite.execute(TestNGXmlTestSuite.java:75)
at org.apache.maven.surefire.testng.TestNGProvider.invoke(TestNGProvider.java:120)
at org.apache.maven.surefire.booter.ForkedBooter.invokeProviderInSameClassLoader(ForkedBooter.java:384)
at org.apache.maven.surefire.booter.ForkedBooter.runSuitesInProcess(ForkedBooter.java:345)
at org.apache.maven.surefire.booter.ForkedBooter.execute(ForkedBooter.java:126)
at org.apache.maven.surefire.booter.ForkedBooter.main(ForkedBooter.java:418)
]]>
            </full-stacktrace>
          </exception> <!-- java.lang.AssertionError -->
          <reporter-output>
          </reporter-output>
        </test-method> <!-- Second -->
        <test-method status="PASS" signature="teardown()[pri:0, instance:tests.TestClass@34b7bfc0]" name="teardown" is-config="true" duration-ms="803" started-at="2018-11-27T14:43:55Z" finished-at="2018-11-27T14:43:55Z">
          <reporter-output>
          </reporter-output>
        </test-method> <!-- teardown -->
        <test-method status="PASS" signature="setup()[pri:0, instance:tests.TestClass@34b7bfc0]" name="setup" is-config="true" duration-ms="8045" started-at="2018-11-27T14:43:55Z" finished-at="2018-11-27T14:44:04Z">
          <reporter-output>
          </reporter-output>
        </test-method> <!-- setup -->
        <test-method status="PASS" signature="Third()[pri:0, instance:tests.TestClass@34b7bfc0]" name="Third" duration-ms="1" started-at="2018-11-27T14:44:04Z" finished-at="2018-11-27T14:44:04Z">
          <reporter-output>
          </reporter-output>
        </test-method> <!-- Third -->
        <test-method status="PASS" signature="teardown()[pri:0, instance:tests.TestClass@34b7bfc0]" name="teardown" is-config="true" duration-ms="777" started-at="2018-11-27T14:44:04Z" finished-at="2018-11-27T14:44:04Z">
          <reporter-output>
          </reporter-output>
        </test-method> <!-- teardown -->
      </class> <!-- tests.TestClass -->
    </test> <!-- test1 -->
  </suite> <!-- Suite1 -->
</testng-results>
