<?xml version="1.0" encoding="UTF-8" standalone="yes"?>
<ns2:test-suite start="1544706935403" stop="1544706989215" version="1.5.4" xmlns:ns2="urn:model.allure.qatools.yandex.ru">
    <name>Suite : Tests</name>
    <title>Suite : Tests</title>
    <test-cases>
        <test-case start="1544706955260" stop="1544706958676" status="passed">
            <name>searchSomething</name>
            <title>Second test</title>
            <description type="text">Find something in google</description>
            <steps>
                <step start="1544706958621" stop="1544706958625" status="passed">
                    <name>log[Maven page request]</name>
                    <title>Maven page request</title>
                    <attachments/>
                    <steps/>
                </step>
                <step start="1544706958670" stop="1544706958670" status="passed">
                    <name>log[URLs are equals.]</name>
                    <title>URLs are equals.</title>
                    <attachments/>
                    <steps/>
                </step>
            </steps>
            <attachments/>
            <labels>
                <label name="testSuite" value="Suite"/>
                <label name="testGroup" value="Tests"/>
                <label name="testClass" value="TestClass"/>
                <label name="testMethod" value="searchSomething"/>
                <label name="host" value="vprybeha-w7"/>
                <label name="thread" value="4504@vprybeha-w7.main(1)"/>
            </labels>
        </test-case>
        <test-case start="1544706968147" stop="1544706968218" status="passed">
            <name>searchTest</name>
            <title>Title check</title>
            <description type="text">Checking the title of the loaded page.</description>
            <steps>
                <step start="1544706968214" stop="1544706968214" status="passed">
                    <name>log[Title Fetched: Google]</name>
                    <title>Title Fetched: Google</title>
                    <attachments/>
                    <steps/>
                </step>
                <step start="1544706968218" stop="1544706968218" status="passed">
                    <name>log[Test Passed. Expected: Google | Actual: Google]</name>
                    <title>Test Passed. Expected: Google | Actual: Google</title>
                    <attachments/>
                    <steps/>
                </step>
            </steps>
            <attachments/>
            <labels>
                <label name="testSuite" value="Suite"/>
                <label name="testGroup" value="Tests"/>
                <label name="testClass" value="TestClass"/>
                <label name="testMethod" value="searchTest"/>
                <label name="host" value="vprybeha-w7"/>
                <label name="thread" value="4504@vprybeha-w7.main(1)"/>
            </labels>
        </test-case>
        <test-case start="1544706978672" stop="1544706978738" status="broken">
            <name>searchSomething</name>
            <title>Second test</title>
            <description type="text">Find something in google</description>
            <failure>
                <message>NewException: Wrong value income</message>
                <stack-trace>support.NewException: Wrong value income
	at TestClassTwo.searchSomething(TestClassTwo.java:35)
	at sun.reflect.NativeMethodAccessorImpl.invoke0(Native Method)
	at sun.reflect.NativeMethodAccessorImpl.invoke(NativeMethodAccessorImpl.java:62)
	at sun.reflect.DelegatingMethodAccessorImpl.invoke(DelegatingMethodAccessorImpl.java:43)
	at java.lang.reflect.Method.invoke(Method.java:498)
	at org.testng.internal.MethodInvocationHelper.invokeMethod(MethodInvocationHelper.java:124)
	at org.testng.internal.Invoker.invokeMethod(Invoker.java:583)
	at org.testng.internal.Invoker.invokeTestMethod(Invoker.java:719)
	at org.testng.internal.Invoker.invokeTestMethods(Invoker.java:989)
	at org.testng.internal.TestMethodWorker.invokeTestMethods(TestMethodWorker.java:125)
	at org.testng.internal.TestMethodWorker.run(TestMethodWorker.java:109)
	at org.testng.TestRunner.privateRun(TestRunner.java:648)
	at org.testng.TestRunner.run(TestRunner.java:505)
	at org.testng.SuiteRunner.runTest(SuiteRunner.java:455)
	at org.testng.SuiteRunner.runSequentially(SuiteRunner.java:450)
	at org.testng.SuiteRunner.privateRun(SuiteRunner.java:415)
	at org.testng.SuiteRunner.run(SuiteRunner.java:364)
	at org.testng.SuiteRunnerWorker.runSuite(SuiteRunnerWorker.java:52)
	at org.testng.SuiteRunnerWorker.run(SuiteRunnerWorker.java:84)
	at org.testng.TestNG.runSuitesSequentially(TestNG.java:1208)
	at org.testng.TestNG.runSuitesLocally(TestNG.java:1137)
	at org.testng.TestNG.runSuites(TestNG.java:1049)
	at org.testng.TestNG.run(TestNG.java:1017)
	at org.apache.maven.surefire.testng.TestNGExecutor.run(TestNGExecutor.java:283)
	at org.apache.maven.surefire.testng.TestNGXmlTestSuite.execute(TestNGXmlTestSuite.java:75)
	at org.apache.maven.surefire.testng.TestNGProvider.invoke(TestNGProvider.java:120)
	at org.apache.maven.surefire.booter.ForkedBooter.invokeProviderInSameClassLoader(ForkedBooter.java:384)
	at org.apache.maven.surefire.booter.ForkedBooter.runSuitesInProcess(ForkedBooter.java:345)
	at org.apache.maven.surefire.booter.ForkedBooter.execute(ForkedBooter.java:126)
	at org.apache.maven.surefire.booter.ForkedBooter.main(ForkedBooter.java:418)
</stack-trace>
            </failure>
            <steps/>
            <attachments/>
            <labels>
                <label name="testSuite" value="Suite"/>
                <label name="testGroup" value="Tests"/>
                <label name="testClass" value="TestClassTwo"/>
                <label name="testMethod" value="searchSomething"/>
                <label name="severity" value="trivial"/>
                <label name="host" value="vprybeha-w7"/>
                <label name="thread" value="4504@vprybeha-w7.main(1)"/>
            </labels>
        </test-case>
        <test-case start="1544706987727" stop="1544706987786" status="passed">
            <name>searchTest</name>
            <title>Title check</title>
            <description type="text">Checking the title of the loaded page.</description>
            <steps>
                <step start="1544706987784" stop="1544706987784" status="passed">
                    <name>log[Title Fetched: Google]</name>
                    <title>Title Fetched: Google</title>
                    <attachments/>
                    <steps/>
                </step>
                <step start="1544706987785" stop="1544706987785" status="passed">
                    <name>log[Test Passed. Expected: Google | Actual: Google]</name>
                    <title>Test Passed. Expected: Google | Actual: Google</title>
                    <attachments/>
                    <steps/>
                </step>
            </steps>
            <attachments/>
            <labels>
                <label name="testSuite" value="Suite"/>
                <label name="testGroup" value="Tests"/>
                <label name="testClass" value="TestClassTwo"/>
                <label name="testMethod" value="searchTest"/>
                <label name="severity" value="trivial"/>
                <label name="host" value="vprybeha-w7"/>
                <label name="thread" value="4504@vprybeha-w7.main(1)"/>
            </labels>
        </test-case>
    </test-cases>
    <labels>
        <label name="framework" value="TestNG"/>
        <label name="language" value="JAVA"/>
    </labels>
</ns2:test-suite>
